app/build/intermediates/manifest_merge_blame_file/debug/processDebugMainManifest/manifest-merger-blame-debug-report.txt
1<?xml version="1.0" encoding="utf-8"?>
2<manifest xmlns:android="http://schemas.android.com/apk/res/android"
3    package="com.clearworld"
4    android:versionCode="1"
5    android:versionName="1.0" >
6
7    <uses-sdk
8        android:minSdkVersion="26"
9        android:targetSdkVersion="35" />
10
11    <uses-permission android:name="android.permission.BIND_ACCESSIBILITY_SERVICE" />
11-->src\main\AndroidManifest.xml:4:5-85
11-->src\main\AndroidManifest.xml:4:22-82
12    <uses-permission android:name="android.permission.WAKE_LOCK" />
12-->[androidx.work:work-runtime:2.7.1] AndroidManifest.xml:25:5-68
12-->[androidx.work:work-runtime:2.7.1] AndroidManifest.xml:25:22-65
13    <uses-permission android:name="android.permission.ACCESS_NETWORK_STATE" />
13-->[androidx.work:work-runtime:2.7.1] AndroidManifest.xml:26:5-79
13-->[androidx.work:work-runtime:2.7.1] AndroidManifest.xml:26:22-76
14    <uses-permission android:name="android.permission.RECEIVE_BOOT_COMPLETED" />
14-->[androidx.work:work-runtime:2.7.1] AndroidManifest.xml:27:5-81
14-->[androidx.work:work-runtime:2.7.1] AndroidManifest.xml:27:22-78
15    <uses-permission android:name="android.permission.FOREGROUND_SERVICE" />
15-->[androidx.work:work-runtime:2.7.1] AndroidManifest.xml:28:5-77
15-->[androidx.work:work-runtime:2.7.1] AndroidManifest.xml:28:22-74
16
17    <permission
17-->[androidx.core:core:1.13.1] AndroidManifest.xml:22:5-24:47
18        android:name="com.clearworld.DYNAMIC_RECEIVER_NOT_EXPORTED_PERMISSION"
18-->[androidx.core:core:1.13.1] AndroidManifest.xml:23:9-81
19        android:protectionLevel="signature" />
19-->[androidx.core:core:1.13.1] AndroidManifest.xml:24:9-44
20
21    <uses-permission android:name="com.clearworld.DYNAMIC_RECEIVER_NOT_EXPORTED_PERMISSION" />
21-->[androidx.core:core:1.13.1] AndroidManifest.xml:26:5-97
21-->[androidx.core:core:1.13.1] AndroidManifest.xml:26:22-94
22
23    <application
23-->src\main\AndroidManifest.xml:6:5-47:19
24        android:allowBackup="false"
24-->src\main\AndroidManifest.xml:7:9-36
25        android:appComponentFactory="androidx.core.app.CoreComponentFactory"
25-->[androidx.core:core:1.13.1] AndroidManifest.xml:28:18-86
26        android:debuggable="true"
27        android:extractNativeLibs="false"
28        android:label="@string/app_name"
28-->src\main\AndroidManifest.xml:8:9-41
29        android:supportsRtl="true"
29-->src\main\AndroidManifest.xml:9:9-35
30        android:testOnly="true"
31        android:theme="@style/Theme.ClearWorld" >
31-->src\main\AndroidManifest.xml:10:9-48
32        <activity
32-->src\main\AndroidManifest.xml:12:9-19:20
33            android:name="com.clearworld.ui.MainActivity"
33-->src\main\AndroidManifest.xml:13:13-44
34            android:exported="true" >
34-->src\main\AndroidManifest.xml:14:13-36
35            <intent-filter>
35-->src\main\AndroidManifest.xml:15:13-18:29
36                <action android:name="android.intent.action.MAIN" />
36-->src\main\AndroidManifest.xml:16:17-69
36-->src\main\AndroidManifest.xml:16:25-66
37
38                <category android:name="android.intent.category.LAUNCHER" />
38-->src\main\AndroidManifest.xml:17:17-77
38-->src\main\AndroidManifest.xml:17:27-74
39            </intent-filter>
40        </activity>
41
42        <!-- Accessibility Service for YouTube Shorts detection -->
43        <service
43-->src\main\AndroidManifest.xml:22:9-33:19
44            android:name="com.clearworld.accessibility.ShortsAccessibilityService"
44-->src\main\AndroidManifest.xml:23:13-69
45            android:exported="true"
45-->src\main\AndroidManifest.xml:24:13-36
46            android:label="@string/accessibility_service_label"
46-->src\main\AndroidManifest.xml:25:13-64
47            android:permission="android.permission.BIND_ACCESSIBILITY_SERVICE" >
47-->src\main\AndroidManifest.xml:26:13-79
48            <intent-filter>
48-->src\main\AndroidManifest.xml:27:13-29:29
49                <action android:name="android.accessibilityservice.AccessibilityService" />
49-->src\main\AndroidManifest.xml:28:17-92
49-->src\main\AndroidManifest.xml:28:25-89
50            </intent-filter>
51
52            <meta-data
52-->src\main\AndroidManifest.xml:30:13-32:72
53                android:name="android.accessibilityservice"
53-->src\main\AndroidManifest.xml:31:17-60
54                android:resource="@xml/accessibility_service_config" />
54-->src\main\AndroidManifest.xml:32:17-69
55        </service>
56
57        <!-- AppWidget（Glance） -->
58        <receiver
58-->src\main\AndroidManifest.xml:36:9-45:20
59            android:name="com.clearworld.widget.AquariumWidgetReceiver"
59-->src\main\AndroidManifest.xml:37:13-58
60            android:exported="true" >
60-->src\main\AndroidManifest.xml:38:13-36
61            <intent-filter>
61-->src\main\AndroidManifest.xml:39:13-41:29
62                <action android:name="android.appwidget.action.APPWIDGET_UPDATE" />
62-->src\main\AndroidManifest.xml:40:17-84
62-->src\main\AndroidManifest.xml:40:25-81
63            </intent-filter>
64
65            <meta-data
65-->src\main\AndroidManifest.xml:42:13-44:64
66                android:name="android.appwidget.provider"
66-->src\main\AndroidManifest.xml:43:17-58
67                android:resource="@xml/aquarium_widget_info" />
67-->src\main\AndroidManifest.xml:44:17-61
68        </receiver>
69
70        <activity
70-->[androidx.glance:glance-appwidget:1.1.0] AndroidManifest.xml:23:9-28:62
71            android:name="androidx.glance.appwidget.action.ActionTrampolineActivity"
71-->[androidx.glance:glance-appwidget:1.1.0] AndroidManifest.xml:24:13-85
72            android:enabled="true"
72-->[androidx.glance:glance-appwidget:1.1.0] AndroidManifest.xml:25:13-35
73            android:excludeFromRecents="true"
73-->[androidx.glance:glance-appwidget:1.1.0] AndroidManifest.xml:26:13-46
74            android:exported="false"
74-->[androidx.glance:glance-appwidget:1.1.0] AndroidManifest.xml:27:13-37
75            android:theme="@android:style/Theme.NoDisplay" />
75-->[androidx.glance:glance-appwidget:1.1.0] AndroidManifest.xml:28:13-59
76        <activity
76-->[androidx.glance:glance-appwidget:1.1.0] AndroidManifest.xml:29:9-36:81
77            android:name="androidx.glance.appwidget.action.InvisibleActionTrampolineActivity"
77-->[androidx.glance:glance-appwidget:1.1.0] AndroidManifest.xml:30:13-94
78            android:enabled="true"
78-->[androidx.glance:glance-appwidget:1.1.0] AndroidManifest.xml:31:13-35
79            android:exported="false"
79-->[androidx.glance:glance-appwidget:1.1.0] AndroidManifest.xml:32:13-37
80            android:launchMode="singleInstance"
80-->[androidx.glance:glance-appwidget:1.1.0] AndroidManifest.xml:33:13-48
81            android:noHistory="true"
81-->[androidx.glance:glance-appwidget:1.1.0] AndroidManifest.xml:34:13-37
82            android:taskAffinity="androidx.glance.appwidget.ListAdapterCallbackTrampoline"
82-->[androidx.glance:glance-appwidget:1.1.0] AndroidManifest.xml:35:13-91
83            android:theme="@style/Widget.Glance.AppWidget.CallbackTrampoline" />
83-->[androidx.glance:glance-appwidget:1.1.0] AndroidManifest.xml:36:13-78
84
85        <receiver
85-->[androidx.glance:glance-appwidget:1.1.0] AndroidManifest.xml:38:9-41:40
86            android:name="androidx.glance.appwidget.action.ActionCallbackBroadcastReceiver"
86-->[androidx.glance:glance-appwidget:1.1.0] AndroidManifest.xml:39:13-92
87            android:enabled="true"
87-->[androidx.glance:glance-appwidget:1.1.0] AndroidManifest.xml:40:13-35
88            android:exported="false" />
88-->[androidx.glance:glance-appwidget:1.1.0] AndroidManifest.xml:41:13-37
89        <receiver
89-->[androidx.glance:glance-appwidget:1.1.0] AndroidManifest.xml:42:9-45:40
90            android:name="androidx.glance.appwidget.UnmanagedSessionReceiver"
90-->[androidx.glance:glance-appwidget:1.1.0] AndroidManifest.xml:43:13-78
91            android:enabled="true"
91-->[androidx.glance:glance-appwidget:1.1.0] AndroidManifest.xml:44:13-35
92            android:exported="false" />
92-->[androidx.glance:glance-appwidget:1.1.0] AndroidManifest.xml:45:13-37
93        <receiver
93-->[androidx.glance:glance-appwidget:1.1.0] AndroidManifest.xml:46:9-53:20
94            android:name="androidx.glance.appwidget.MyPackageReplacedReceiver"
94-->[androidx.glance:glance-appwidget:1.1.0] AndroidManifest.xml:47:13-79
95            android:enabled="true"
95-->[androidx.glance:glance-appwidget:1.1.0] AndroidManifest.xml:48:13-35
96            android:exported="false" >
96-->[androidx.glance:glance-appwidget:1.1.0] AndroidManifest.xml:49:13-37
97            <intent-filter>
97-->[androidx.glance:glance-appwidget:1.1.0] AndroidManifest.xml:50:13-52:29
98                <action android:name="android.intent.action.MY_PACKAGE_REPLACED" />
98-->[androidx.glance:glance-appwidget:1.1.0] AndroidManifest.xml:51:17-84
98-->[androidx.glance:glance-appwidget:1.1.0] AndroidManifest.xml:51:25-81
99            </intent-filter>
100        </receiver>
101
102        <service
102-->[androidx.glance:glance-appwidget:1.1.0] AndroidManifest.xml:55:9-58:72
103            android:name="androidx.glance.appwidget.GlanceRemoteViewsService"
103-->[androidx.glance:glance-appwidget:1.1.0] AndroidManifest.xml:56:13-78
104            android:exported="true"
104-->[androidx.glance:glance-appwidget:1.1.0] AndroidManifest.xml:57:13-36
105            android:permission="android.permission.BIND_REMOTEVIEWS" />
105-->[androidx.glance:glance-appwidget:1.1.0] AndroidManifest.xml:58:13-69
106
107        <provider
107-->[androidx.emoji2:emoji2:1.3.0] AndroidManifest.xml:24:9-32:20
108            android:name="androidx.startup.InitializationProvider"
108-->[androidx.emoji2:emoji2:1.3.0] AndroidManifest.xml:25:13-67
109            android:authorities="com.clearworld.androidx-startup"
109-->[androidx.emoji2:emoji2:1.3.0] AndroidManifest.xml:26:13-68
110            android:exported="false" >
110-->[androidx.emoji2:emoji2:1.3.0] AndroidManifest.xml:27:13-37
111            <meta-data
111-->[androidx.emoji2:emoji2:1.3.0] AndroidManifest.xml:29:13-31:52
112                android:name="androidx.emoji2.text.EmojiCompatInitializer"
112-->[androidx.emoji2:emoji2:1.3.0] AndroidManifest.xml:30:17-75
113                android:value="androidx.startup" />
113-->[androidx.emoji2:emoji2:1.3.0] AndroidManifest.xml:31:17-49
114            <meta-data
114-->[androidx.work:work-runtime:2.7.1] AndroidManifest.xml:36:13-38:52
115                android:name="androidx.work.WorkManagerInitializer"
115-->[androidx.work:work-runtime:2.7.1] AndroidManifest.xml:37:17-68
116                android:value="androidx.startup" />
116-->[androidx.work:work-runtime:2.7.1] AndroidManifest.xml:38:17-49
117            <meta-data
117-->[androidx.lifecycle:lifecycle-process:2.8.6] AndroidManifest.xml:29:13-31:52
118                android:name="androidx.lifecycle.ProcessLifecycleInitializer"
118-->[androidx.lifecycle:lifecycle-process:2.8.6] AndroidManifest.xml:30:17-78
119                android:value="androidx.startup" />
119-->[androidx.lifecycle:lifecycle-process:2.8.6] AndroidManifest.xml:31:17-49
120            <meta-data
120-->[androidx.profileinstaller:profileinstaller:1.3.1] AndroidManifest.xml:29:13-31:52
121                android:name="androidx.profileinstaller.ProfileInstallerInitializer"
121-->[androidx.profileinstaller:profileinstaller:1.3.1] AndroidManifest.xml:30:17-85
122                android:value="androidx.startup" />
122-->[androidx.profileinstaller:profileinstaller:1.3.1] AndroidManifest.xml:31:17-49
123        </provider>
124
125        <service
125-->[androidx.core:core-remoteviews:1.1.0] AndroidManifest.xml:24:9-27:63
126            android:name="androidx.core.widget.RemoteViewsCompatService"
126-->[androidx.core:core-remoteviews:1.1.0] AndroidManifest.xml:25:13-73
127            android:permission="android.permission.BIND_REMOTEVIEWS" />
127-->[androidx.core:core-remoteviews:1.1.0] AndroidManifest.xml:26:13-69
128        <service
128-->[androidx.work:work-runtime:2.7.1] AndroidManifest.xml:41:9-46:35
129            android:name="androidx.work.impl.background.systemalarm.SystemAlarmService"
129-->[androidx.work:work-runtime:2.7.1] AndroidManifest.xml:42:13-88
130            android:directBootAware="false"
130-->[androidx.work:work-runtime:2.7.1] AndroidManifest.xml:43:13-44
131            android:enabled="@bool/enable_system_alarm_service_default"
131-->[androidx.work:work-runtime:2.7.1] AndroidManifest.xml:44:13-72
132            android:exported="false" />
132-->[androidx.work:work-runtime:2.7.1] AndroidManifest.xml:45:13-37
133        <service
133-->[androidx.work:work-runtime:2.7.1] AndroidManifest.xml:47:9-53:35
134            android:name="androidx.work.impl.background.systemjob.SystemJobService"
134-->[androidx.work:work-runtime:2.7.1] AndroidManifest.xml:48:13-84
135            android:directBootAware="false"
135-->[androidx.work:work-runtime:2.7.1] AndroidManifest.xml:49:13-44
136            android:enabled="@bool/enable_system_job_service_default"
136-->[androidx.work:work-runtime:2.7.1] AndroidManifest.xml:50:13-70
137            android:exported="true"
137-->[androidx.work:work-runtime:2.7.1] AndroidManifest.xml:51:13-36
138            android:permission="android.permission.BIND_JOB_SERVICE" />
138-->[androidx.work:work-runtime:2.7.1] AndroidManifest.xml:52:13-69
139        <service
139-->[androidx.work:work-runtime:2.7.1] AndroidManifest.xml:54:9-59:35
140            android:name="androidx.work.impl.foreground.SystemForegroundService"
140-->[androidx.work:work-runtime:2.7.1] AndroidManifest.xml:55:13-81
141            android:directBootAware="false"
141-->[androidx.work:work-runtime:2.7.1] AndroidManifest.xml:56:13-44
142            android:enabled="@bool/enable_system_foreground_service_default"
142-->[androidx.work:work-runtime:2.7.1] AndroidManifest.xml:57:13-77
143            android:exported="false" />
143-->[androidx.work:work-runtime:2.7.1] AndroidManifest.xml:58:13-37
144
145        <receiver
145-->[androidx.work:work-runtime:2.7.1] AndroidManifest.xml:61:9-66:35
146            android:name="androidx.work.impl.utils.ForceStopRunnable$BroadcastReceiver"
146-->[androidx.work:work-runtime:2.7.1] AndroidManifest.xml:62:13-88
147            android:directBootAware="false"
147-->[androidx.work:work-runtime:2.7.1] AndroidManifest.xml:63:13-44
148            android:enabled="true"
148-->[androidx.work:work-runtime:2.7.1] AndroidManifest.xml:64:13-35
149            android:exported="false" />
149-->[androidx.work:work-runtime:2.7.1] AndroidManifest.xml:65:13-37
150        <receiver
150-->[androidx.work:work-runtime:2.7.1] AndroidManifest.xml:67:9-77:20
151            android:name="androidx.work.impl.background.systemalarm.ConstraintProxy$BatteryChargingProxy"
151-->[androidx.work:work-runtime:2.7.1] AndroidManifest.xml:68:13-106
152            android:directBootAware="false"
152-->[androidx.work:work-runtime:2.7.1] AndroidManifest.xml:69:13-44
153            android:enabled="false"
153-->[androidx.work:work-runtime:2.7.1] AndroidManifest.xml:70:13-36
154            android:exported="false" >
154-->[androidx.work:work-runtime:2.7.1] AndroidManifest.xml:71:13-37
155            <intent-filter>
155-->[androidx.work:work-runtime:2.7.1] AndroidManifest.xml:73:13-76:29
156                <action android:name="android.intent.action.ACTION_POWER_CONNECTED" />
156-->[androidx.work:work-runtime:2.7.1] AndroidManifest.xml:74:17-87
156-->[androidx.work:work-runtime:2.7.1] AndroidManifest.xml:74:25-84
157                <action android:name="android.intent.action.ACTION_POWER_DISCONNECTED" />
157-->[androidx.work:work-runtime:2.7.1] AndroidManifest.xml:75:17-90
157-->[androidx.work:work-runtime:2.7.1] AndroidManifest.xml:75:25-87
158            </intent-filter>
159        </receiver>
160        <receiver
160-->[androidx.work:work-runtime:2.7.1] AndroidManifest.xml:78:9-88:20
161            android:name="androidx.work.impl.background.systemalarm.ConstraintProxy$BatteryNotLowProxy"
161-->[androidx.work:work-runtime:2.7.1] AndroidManifest.xml:79:13-104
162            android:directBootAware="false"
162-->[androidx.work:work-runtime:2.7.1] AndroidManifest.xml:80:13-44
163            android:enabled="false"
163-->[androidx.work:work-runtime:2.7.1] AndroidManifest.xml:81:13-36
164            android:exported="false" >
164-->[androidx.work:work-runtime:2.7.1] AndroidManifest.xml:82:13-37
165            <intent-filter>
165-->[androidx.work:work-runtime:2.7.1] AndroidManifest.xml:84:13-87:29
166                <action android:name="android.intent.action.BATTERY_OKAY" />
166-->[androidx.work:work-runtime:2.7.1] AndroidManifest.xml:85:17-77
166-->[androidx.work:work-runtime:2.7.1] AndroidManifest.xml:85:25-74
167                <action android:name="android.intent.action.BATTERY_LOW" />
167-->[androidx.work:work-runtime:2.7.1] AndroidManifest.xml:86:17-76
167-->[androidx.work:work-runtime:2.7.1] AndroidManifest.xml:86:25-73
168            </intent-filter>
169        </receiver>
170        <receiver
170-->[androidx.work:work-runtime:2.7.1] AndroidManifest.xml:89:9-99:20
171            android:name="androidx.work.impl.background.systemalarm.ConstraintProxy$StorageNotLowProxy"
171-->[androidx.work:work-runtime:2.7.1] AndroidManifest.xml:90:13-104
172            android:directBootAware="false"
172-->[androidx.work:work-runtime:2.7.1] AndroidManifest.xml:91:13-44
173            android:enabled="false"
173-->[androidx.work:work-runtime:2.7.1] AndroidManifest.xml:92:13-36
174            android:exported="false" >
174-->[androidx.work:work-runtime:2.7.1] AndroidManifest.xml:93:13-37
175            <intent-filter>
175-->[androidx.work:work-runtime:2.7.1] AndroidManifest.xml:95:13-98:29
176                <action android:name="android.intent.action.DEVICE_STORAGE_LOW" />
176-->[androidx.work:work-runtime:2.7.1] AndroidManifest.xml:96:17-83
176-->[androidx.work:work-runtime:2.7.1] AndroidManifest.xml:96:25-80
177                <action android:name="android.intent.action.DEVICE_STORAGE_OK" />
177-->[androidx.work:work-runtime:2.7.1] AndroidManifest.xml:97:17-82
177-->[androidx.work:work-runtime:2.7.1] AndroidManifest.xml:97:25-79
178            </intent-filter>
179        </receiver>
180        <receiver
180-->[androidx.work:work-runtime:2.7.1] AndroidManifest.xml:100:9-109:20
181            android:name="androidx.work.impl.background.systemalarm.ConstraintProxy$NetworkStateProxy"
181-->[androidx.work:work-runtime:2.7.1] AndroidManifest.xml:101:13-103
182            android:directBootAware="false"
182-->[androidx.work:work-runtime:2.7.1] AndroidManifest.xml:102:13-44
183            android:enabled="false"
183-->[androidx.work:work-runtime:2.7.1] AndroidManifest.xml:103:13-36
184            android:exported="false" >
184-->[androidx.work:work-runtime:2.7.1] AndroidManifest.xml:104:13-37
185            <intent-filter>
185-->[androidx.work:work-runtime:2.7.1] AndroidManifest.xml:106:13-108:29
186                <action android:name="android.net.conn.CONNECTIVITY_CHANGE" />
186-->[androidx.work:work-runtime:2.7.1] AndroidManifest.xml:107:17-79
186-->[androidx.work:work-runtime:2.7.1] AndroidManifest.xml:107:25-76
187            </intent-filter>
188        </receiver>
189        <receiver
189-->[androidx.work:work-runtime:2.7.1] AndroidManifest.xml:110:9-121:20
190            android:name="androidx.work.impl.background.systemalarm.RescheduleReceiver"
190-->[androidx.work:work-runtime:2.7.1] AndroidManifest.xml:111:13-88
191            android:directBootAware="false"
191-->[androidx.work:work-runtime:2.7.1] AndroidManifest.xml:112:13-44
192            android:enabled="false"
192-->[androidx.work:work-runtime:2.7.1] AndroidManifest.xml:113:13-36
193            android:exported="false" >
193-->[androidx.work:work-runtime:2.7.1] AndroidManifest.xml:114:13-37
194            <intent-filter>
194-->[androidx.work:work-runtime:2.7.1] AndroidManifest.xml:116:13-120:29
195                <action android:name="android.intent.action.BOOT_COMPLETED" />
195-->[androidx.work:work-runtime:2.7.1] AndroidManifest.xml:117:17-79
195-->[androidx.work:work-runtime:2.7.1] AndroidManifest.xml:117:25-76
196                <action android:name="android.intent.action.TIME_SET" />
196-->[androidx.work:work-runtime:2.7.1] AndroidManifest.xml:118:17-73
196-->[androidx.work:work-runtime:2.7.1] AndroidManifest.xml:118:25-70
197                <action android:name="android.intent.action.TIMEZONE_CHANGED" />
197-->[androidx.work:work-runtime:2.7.1] AndroidManifest.xml:119:17-81
197-->[androidx.work:work-runtime:2.7.1] AndroidManifest.xml:119:25-78
198            </intent-filter>
199        </receiver>
200        <receiver
200-->[androidx.work:work-runtime:2.7.1] AndroidManifest.xml:122:9-131:20
201            android:name="androidx.work.impl.background.systemalarm.ConstraintProxyUpdateReceiver"
201-->[androidx.work:work-runtime:2.7.1] AndroidManifest.xml:123:13-99
202            android:directBootAware="false"
202-->[androidx.work:work-runtime:2.7.1] AndroidManifest.xml:124:13-44
203            android:enabled="@bool/enable_system_alarm_service_default"
203-->[androidx.work:work-runtime:2.7.1] AndroidManifest.xml:125:13-72
204            android:exported="false" >
204-->[androidx.work:work-runtime:2.7.1] AndroidManifest.xml:126:13-37
205            <intent-filter>
205-->[androidx.work:work-runtime:2.7.1] AndroidManifest.xml:128:13-130:29
206                <action android:name="androidx.work.impl.background.systemalarm.UpdateProxies" />
206-->[androidx.work:work-runtime:2.7.1] AndroidManifest.xml:129:17-98
206-->[androidx.work:work-runtime:2.7.1] AndroidManifest.xml:129:25-95
207            </intent-filter>
208        </receiver>
209        <receiver
209-->[androidx.work:work-runtime:2.7.1] AndroidManifest.xml:132:9-142:20
210            android:name="androidx.work.impl.diagnostics.DiagnosticsReceiver"
210-->[androidx.work:work-runtime:2.7.1] AndroidManifest.xml:133:13-78
211            android:directBootAware="false"
211-->[androidx.work:work-runtime:2.7.1] AndroidManifest.xml:134:13-44
212            android:enabled="true"
212-->[androidx.work:work-runtime:2.7.1] AndroidManifest.xml:135:13-35
213            android:exported="true"
213-->[androidx.work:work-runtime:2.7.1] AndroidManifest.xml:136:13-36
214            android:permission="android.permission.DUMP" >
214-->[androidx.work:work-runtime:2.7.1] AndroidManifest.xml:137:13-57
215            <intent-filter>
215-->[androidx.work:work-runtime:2.7.1] AndroidManifest.xml:139:13-141:29
216                <action android:name="androidx.work.diagnostics.REQUEST_DIAGNOSTICS" />
216-->[androidx.work:work-runtime:2.7.1] AndroidManifest.xml:140:17-88
216-->[androidx.work:work-runtime:2.7.1] AndroidManifest.xml:140:25-85
217            </intent-filter>
218        </receiver>
219
220        <service
220-->[androidx.room:room-runtime:2.6.1] AndroidManifest.xml:24:9-28:63
221            android:name="androidx.room.MultiInstanceInvalidationService"
221-->[androidx.room:room-runtime:2.6.1] AndroidManifest.xml:25:13-74
222            android:directBootAware="true"
222-->[androidx.room:room-runtime:2.6.1] AndroidManifest.xml:26:13-43
223            android:exported="false" />
223-->[androidx.room:room-runtime:2.6.1] AndroidManifest.xml:27:13-37
224
225        <receiver
225-->[androidx.profileinstaller:profileinstaller:1.3.1] AndroidManifest.xml:34:9-52:20
226            android:name="androidx.profileinstaller.ProfileInstallReceiver"
226-->[androidx.profileinstaller:profileinstaller:1.3.1] AndroidManifest.xml:35:13-76
227            android:directBootAware="false"
227-->[androidx.profileinstaller:profileinstaller:1.3.1] AndroidManifest.xml:36:13-44
228            android:enabled="true"
228-->[androidx.profileinstaller:profileinstaller:1.3.1] AndroidManifest.xml:37:13-35
229            android:exported="true"
229-->[androidx.profileinstaller:profileinstaller:1.3.1] AndroidManifest.xml:38:13-36
230            android:permission="android.permission.DUMP" >
230-->[androidx.profileinstaller:profileinstaller:1.3.1] AndroidManifest.xml:39:13-57
231            <intent-filter>
231-->[androidx.profileinstaller:profileinstaller:1.3.1] AndroidManifest.xml:40:13-42:29
232                <action android:name="androidx.profileinstaller.action.INSTALL_PROFILE" />
232-->[androidx.profileinstaller:profileinstaller:1.3.1] AndroidManifest.xml:41:17-91
232-->[androidx.profileinstaller:profileinstaller:1.3.1] AndroidManifest.xml:41:25-88
233            </intent-filter>
234            <intent-filter>
234-->[androidx.profileinstaller:profileinstaller:1.3.1] AndroidManifest.xml:43:13-45:29
235                <action android:name="androidx.profileinstaller.action.SKIP_FILE" />
235-->[androidx.profileinstaller:profileinstaller:1.3.1] AndroidManifest.xml:44:17-85
235-->[androidx.profileinstaller:profileinstaller:1.3.1] AndroidManifest.xml:44:25-82
236            </intent-filter>
237            <intent-filter>
237-->[androidx.profileinstaller:profileinstaller:1.3.1] AndroidManifest.xml:46:13-48:29
238                <action android:name="androidx.profileinstaller.action.SAVE_PROFILE" />
238-->[androidx.profileinstaller:profileinstaller:1.3.1] AndroidManifest.xml:47:17-88
238-->[androidx.profileinstaller:profileinstaller:1.3.1] AndroidManifest.xml:47:25-85
239            </intent-filter>
240            <intent-filter>
240-->[androidx.profileinstaller:profileinstaller:1.3.1] AndroidManifest.xml:49:13-51:29
241                <action android:name="androidx.profileinstaller.action.BENCHMARK_OPERATION" />
241-->[androidx.profileinstaller:profileinstaller:1.3.1] AndroidManifest.xml:50:17-95
241-->[androidx.profileinstaller:profileinstaller:1.3.1] AndroidManifest.xml:50:25-92
242            </intent-filter>
243        </receiver>
244    </application>
245
246</manifest>